<?xml version="1.0" encoding="UTF-8"?>
<testng-results ignored="0" total="1" passed="1" failed="0" skipped="0">
  <reporter-output>
  </reporter-output>
  <suite started-at="2023-11-27T16:03:09 IST" name="Default suite" finished-at="2023-11-27T16:04:35 IST" duration-ms="86274">
    <groups>
    </groups>
    <test started-at="2023-11-27T16:03:09 IST" name="Default test" finished-at="2023-11-27T16:04:35 IST" duration-ms="86274">
      <class name="newauditproject.audittestcount">
        <test-method is-config="true" signature="Login1()[pri:0, instance:newauditproject.audittestcount@4a883b15]" started-at="2023-11-27T16:03:09 IST" name="Login1" finished-at="2023-11-27T16:03:50 IST" duration-ms="41759" status="PASS">
          <reporter-output>
          </reporter-output>
        </test-method> <!-- Login1 -->
        <test-method signature="openprocemediumoverdue()[pri:30, instance:newauditproject.audittestcount@4a883b15]" started-at="2023-11-27T16:03:50 IST" name="openprocemediumoverdue" finished-at="2023-11-27T16:04:35 IST" duration-ms="44456" status="PASS">
          <reporter-output>
          </reporter-output>
        </test-method> <!-- openprocemediumoverdue -->
      </class> <!-- newauditproject.audittestcount -->
    </test> <!-- Default test -->
  </suite> <!-- Default suite -->
</testng-results>
